F:\HONGMI\TESTENV\NEWTBNR_ENV\BIN_NEWENG\LVCSR_API.DLL
F:\HONGMI\TESTENV\NEWTBNR_ENV\BIN_NEWENG\LVCSR_API.ILK
F:\WORK2\LVCSR\LVCSR\X64\RELEASE\CFFT.OBJ
F:\work2\LVCSR\LVCSR\x64\Release\cl.command.1.tlog
F:\work2\LVCSR\LVCSR\x64\Release\CL.read.1.tlog
F:\work2\LVCSR\LVCSR\x64\Release\CL.write.1.tlog
F:\WORK2\LVCSR\LVCSR\X64\RELEASE\CREATEFEATURE.OBJ
F:\WORK2\LVCSR\LVCSR\X64\RELEASE\FEAT.OBJ
F:\WORK2\LVCSR\LVCSR\X64\RELEASE\GMMPARAM.OBJ
F:\work2\LVCSR\LVCSR\x64\Release\link.14984.read.1.tlog
F:\work2\LVCSR\LVCSR\x64\Release\link.14984.write.1.tlog
F:\work2\LVCSR\LVCSR\x64\Release\link.command.1.tlog
F:\work2\LVCSR\LVCSR\x64\Release\link.read.1.tlog
F:\work2\LVCSR\LVCSR\x64\Release\link.write.1.tlog
F:\WORK2\LVCSR\LVCSR\X64\RELEASE\LOGMATH.OBJ
F:\WORK2\LVCSR\LVCSR\X64\RELEASE\LVCSR.DLL.INTERMEDIATE.MANIFEST
F:\work2\LVCSR\LVCSR\x64\Release\LVCSR.write.1.tlog
F:\WORK2\LVCSR\LVCSR\X64\RELEASE\LVCSR_API.OBJ
F:\WORK2\LVCSR\LVCSR\X64\RELEASE\MFCC.OBJ
F:\work2\LVCSR\LVCSR\x64\Release\mt.command.1.tlog
F:\work2\LVCSR\LVCSR\x64\Release\mt.read.1.tlog
F:\work2\LVCSR\LVCSR\x64\Release\mt.write.1.tlog
F:\WORK2\LVCSR\LVCSR\X64\RELEASE\ONLINECMS.OBJ
F:\WORK2\LVCSR\LVCSR\X64\RELEASE\PITCHTRACKER.OBJ
F:\WORK2\LVCSR\LVCSR\X64\RELEASE\PLP.OBJ
F:\WORK2\LVCSR\LVCSR\X64\RELEASE\PLP_NCC.OBJ
F:\WORK2\LVCSR\LVCSR\X64\RELEASE\RASTAPLP.OBJ
F:\WORK2\LVCSR\LVCSR\X64\RELEASE\RSRFFT.OBJ
F:\WORK2\LVCSR\LVCSR\X64\RELEASE\TSRBUFFER.OBJ
F:\WORK2\LVCSR\LVCSR\X64\RELEASE\VC100.PDB
F:\work2\LVCSR\LVCSR_test_demo\API_Lib\LVCSR_API.exp
F:\work2\LVCSR\LVCSR_test_demo\API_Lib\LVCSR_API.lib
F:\WORK2\LVCSR\X64\RELEASE\LVCSR.PDB
